[debug] [2026-05-06T02:40:19.170Z] ----------------------------------------------------------------------
[debug] [2026-05-06T02:40:19.172Z] Command:       C:\Program Files\nodejs\node.exe C:\Users\HP\AppData\Local\npm-cache\_npx\ba4f1959e38407b5\node_modules\firebase-tools\lib\bin\firebase.js deploy --only firestore:rules,storage --project share-it-9a030
[debug] [2026-05-06T02:40:19.172Z] CLI Version:   15.17.0
[debug] [2026-05-06T02:40:19.172Z] Platform:      win32
[debug] [2026-05-06T02:40:19.172Z] Node Version:  v24.14.1
[debug] [2026-05-06T02:40:19.172Z] Time:          Wed May 06 2026 08:10:19 GMT+0530 (India Standard Time)
[debug] [2026-05-06T02:40:19.172Z] ----------------------------------------------------------------------
[debug] 
[debug] [2026-05-06T02:40:20.331Z] > command requires scopes: ["email","openid","https://www.googleapis.com/auth/cloudplatformprojects.readonly","https://www.googleapis.com/auth/firebase","https://www.googleapis.com/auth/cloud-platform"]
[debug] [2026-05-06T02:40:20.331Z] > authorizing via signed-in user (s123shareit@gmail.com)
[debug] [2026-05-06T02:40:20.332Z] [iam] checking project share-it-9a030 for permissions ["datastore.indexes.create","datastore.indexes.delete","datastore.indexes.list","datastore.indexes.update","firebase.projects.get","firebaserules.releases.create","firebaserules.releases.update","firebaserules.rulesets.create"]
[debug] [2026-05-06T02:40:20.332Z] Checked if tokens are valid: false, expires at: 1778014115562
[debug] [2026-05-06T02:40:20.333Z] Checked if tokens are valid: false, expires at: 1778014115562
[debug] [2026-05-06T02:40:20.333Z] > refreshing access token with scopes: []
[debug] [2026-05-06T02:40:20.334Z] >>> [apiv2][query] POST https://www.googleapis.com/oauth2/v3/token [none]
[debug] [2026-05-06T02:40:20.334Z] >>> [apiv2][body] POST https://www.googleapis.com/oauth2/v3/token [omitted]
[debug] [2026-05-06T02:40:20.527Z] <<< [apiv2][status] POST https://www.googleapis.com/oauth2/v3/token 200
[debug] [2026-05-06T02:40:20.527Z] <<< [apiv2][body] POST https://www.googleapis.com/oauth2/v3/token [omitted]
[debug] [2026-05-06T02:40:20.533Z] >>> [apiv2][query] POST https://cloudresourcemanager.googleapis.com/v1/projects/share-it-9a030:testIamPermissions [none]
[debug] [2026-05-06T02:40:20.533Z] >>> [apiv2][(partial)header] POST https://cloudresourcemanager.googleapis.com/v1/projects/share-it-9a030:testIamPermissions  x-goog-user-project=share-it-9a030
[debug] [2026-05-06T02:40:20.533Z] >>> [apiv2][body] POST https://cloudresourcemanager.googleapis.com/v1/projects/share-it-9a030:testIamPermissions {"permissions":["datastore.indexes.create","datastore.indexes.delete","datastore.indexes.list","datastore.indexes.update","firebase.projects.get","firebaserules.releases.create","firebaserules.releases.update","firebaserules.rulesets.create"]}
[debug] [2026-05-06T02:40:22.034Z] <<< [apiv2][status] POST https://cloudresourcemanager.googleapis.com/v1/projects/share-it-9a030:testIamPermissions 200
[debug] [2026-05-06T02:40:22.034Z] <<< [apiv2][body] POST https://cloudresourcemanager.googleapis.com/v1/projects/share-it-9a030:testIamPermissions {"permissions":["datastore.indexes.create","datastore.indexes.delete","datastore.indexes.list","datastore.indexes.update","firebase.projects.get","firebaserules.releases.create","firebaserules.releases.update","firebaserules.rulesets.create"]}
[info] 
[info] === Deploying to 'share-it-9a030'...
[info] 
[info] i  deploying storage, firestore 
[info] i  storage: ensuring required API firebasestorage.googleapis.com is enabled... 
[debug] [2026-05-06T02:40:22.036Z] Checked if tokens are valid: true, expires at: 1778038819528
[debug] [2026-05-06T02:40:22.036Z] Checked if tokens are valid: true, expires at: 1778038819528
[debug] [2026-05-06T02:40:22.036Z] >>> [apiv2][query] GET https://serviceusage.googleapis.com/v1/projects/share-it-9a030/services/firebasestorage.googleapis.com [none]
[debug] [2026-05-06T02:40:22.036Z] >>> [apiv2][(partial)header] GET https://serviceusage.googleapis.com/v1/projects/share-it-9a030/services/firebasestorage.googleapis.com  x-goog-user-project=share-it-9a030
[debug] [2026-05-06T02:40:23.896Z] <<< [apiv2][status] GET https://serviceusage.googleapis.com/v1/projects/share-it-9a030/services/firebasestorage.googleapis.com 200
[debug] [2026-05-06T02:40:23.896Z] <<< [apiv2][body] GET https://serviceusage.googleapis.com/v1/projects/share-it-9a030/services/firebasestorage.googleapis.com [omitted]
[info] +  storage: required API firebasestorage.googleapis.com is enabled 
[debug] [2026-05-06T02:40:23.912Z] Checked if tokens are valid: true, expires at: 1778038819528
[debug] [2026-05-06T02:40:23.912Z] Checked if tokens are valid: true, expires at: 1778038819528
[debug] [2026-05-06T02:40:23.913Z] >>> [apiv2][query] GET https://firebasestorage.googleapis.com/v1alpha/projects/share-it-9a030/defaultBucket [none]
[debug] [2026-05-06T02:40:24.711Z] <<< [apiv2][status] GET https://firebasestorage.googleapis.com/v1alpha/projects/share-it-9a030/defaultBucket 200
[debug] [2026-05-06T02:40:24.711Z] <<< [apiv2][body] GET https://firebasestorage.googleapis.com/v1alpha/projects/share-it-9a030/defaultBucket {"name":"projects/share-it-9a030/defaultBucket","location":"US-EAST1","bucket":{"name":"projects/share-it-9a030/buckets/share-it-9a030.firebasestorage.app"},"storageClass":"REGIONAL"}
[info] i  firebase.storage: checking storage.rules for compilation errors... 
[debug] [2026-05-06T02:40:24.713Z] Checked if tokens are valid: true, expires at: 1778038819528
[debug] [2026-05-06T02:40:24.713Z] Checked if tokens are valid: true, expires at: 1778038819528
[debug] [2026-05-06T02:40:24.713Z] >>> [apiv2][query] POST https://firebaserules.googleapis.com/v1/projects/share-it-9a030:test [none]
[debug] [2026-05-06T02:40:24.713Z] >>> [apiv2][body] POST https://firebaserules.googleapis.com/v1/projects/share-it-9a030:test [omitted]
[debug] [2026-05-06T02:40:25.446Z] <<< [apiv2][status] POST https://firebaserules.googleapis.com/v1/projects/share-it-9a030:test 200
[debug] [2026-05-06T02:40:25.446Z] <<< [apiv2][body] POST https://firebaserules.googleapis.com/v1/projects/share-it-9a030:test {}
[info] +  firebase.storage: rules file storage.rules compiled successfully 
[info] i  firestore: ensuring required API firestore.googleapis.com is enabled... 
[debug] [2026-05-06T02:40:25.447Z] Checked if tokens are valid: true, expires at: 1778038819528
[debug] [2026-05-06T02:40:25.448Z] Checked if tokens are valid: true, expires at: 1778038819528
[debug] [2026-05-06T02:40:25.448Z] >>> [apiv2][query] GET https://serviceusage.googleapis.com/v1/projects/share-it-9a030/services/firestore.googleapis.com [none]
[debug] [2026-05-06T02:40:25.448Z] >>> [apiv2][(partial)header] GET https://serviceusage.googleapis.com/v1/projects/share-it-9a030/services/firestore.googleapis.com  x-goog-user-project=share-it-9a030
[debug] [2026-05-06T02:40:27.202Z] <<< [apiv2][status] GET https://serviceusage.googleapis.com/v1/projects/share-it-9a030/services/firestore.googleapis.com 200
[debug] [2026-05-06T02:40:27.202Z] <<< [apiv2][body] GET https://serviceusage.googleapis.com/v1/projects/share-it-9a030/services/firestore.googleapis.com [omitted]
[info] +  firestore: required API firestore.googleapis.com is enabled 
[info] i  firestore: ensuring required API firestore.googleapis.com is enabled... 
[debug] [2026-05-06T02:40:27.216Z] Checked if tokens are valid: true, expires at: 1778038819528
[debug] [2026-05-06T02:40:27.216Z] Checked if tokens are valid: true, expires at: 1778038819528
[debug] [2026-05-06T02:40:27.217Z] >>> [apiv2][query] GET https://firestore.googleapis.com/v1/projects/share-it-9a030/databases/(default) [none]
[debug] [2026-05-06T02:40:27.471Z] <<< [apiv2][status] GET https://firestore.googleapis.com/v1/projects/share-it-9a030/databases/(default) 200
[debug] [2026-05-06T02:40:27.472Z] <<< [apiv2][body] GET https://firestore.googleapis.com/v1/projects/share-it-9a030/databases/(default) {"name":"projects/share-it-9a030/databases/(default)","uid":"363538bc-076a-4257-aa1f-b879fbe122e9","createTime":"2026-04-06T11:54:42.931840Z","updateTime":"2026-04-06T11:54:42.931840Z","locationId":"asia-south1","type":"FIRESTORE_NATIVE","concurrencyMode":"PESSIMISTIC","versionRetentionPeriod":"3600s","earliestVersionTime":"2026-05-07T10:08:07.940521Z","appEngineIntegrationMode":"DISABLED","keyPrefix":"j","pointInTimeRecoveryEnablement":"POINT_IN_TIME_RECOVERY_DISABLED","deleteProtectionState":"DELETE_PROTECTION_DISABLED","databaseEdition":"STANDARD","freeTier":true,"realtimeUpdatesMode":"REALTIME_UPDATES_MODE_ENABLED","etag":"ILbVu9yEp5QDMNCM5+GX2ZMD"}
[info] i  cloud.firestore: checking firestore.rules for compilation errors... 
[debug] [2026-05-06T02:40:27.474Z] Checked if tokens are valid: true, expires at: 1778038819528
[debug] [2026-05-06T02:40:27.474Z] Checked if tokens are valid: true, expires at: 1778038819528
[debug] [2026-05-06T02:40:27.474Z] >>> [apiv2][query] POST https://firebaserules.googleapis.com/v1/projects/share-it-9a030:test [none]
[debug] [2026-05-06T02:40:27.474Z] >>> [apiv2][body] POST https://firebaserules.googleapis.com/v1/projects/share-it-9a030:test [omitted]
[debug] [2026-05-06T02:40:28.914Z] <<< [apiv2][status] POST https://firebaserules.googleapis.com/v1/projects/share-it-9a030:test 200
[debug] [2026-05-06T02:40:28.914Z] <<< [apiv2][body] POST https://firebaserules.googleapis.com/v1/projects/share-it-9a030:test {}
[info] +  cloud.firestore: rules file firestore.rules compiled successfully 
[debug] [2026-05-06T02:40:28.915Z] Checked if tokens are valid: true, expires at: 1778038819528
[debug] [2026-05-06T02:40:28.916Z] Checked if tokens are valid: true, expires at: 1778038819528
[debug] [2026-05-06T02:40:28.920Z] >>> [apiv2][query] GET https://firebaserules.googleapis.com/v1/projects/share-it-9a030/releases pageSize=10&pageToken=
[debug] [2026-05-06T02:40:29.480Z] <<< [apiv2][status] GET https://firebaserules.googleapis.com/v1/projects/share-it-9a030/releases 200
[debug] [2026-05-06T02:40:29.481Z] <<< [apiv2][body] GET https://firebaserules.googleapis.com/v1/projects/share-it-9a030/releases {"releases":[{"name":"projects/share-it-9a030/releases/cloud.firestore","rulesetName":"projects/share-it-9a030/rulesets/11c6542b-2a2b-4a3c-beb3-a228b6fe4a7f","createTime":"2026-04-06T11:54:46.952640Z","updateTime":"2026-05-06T12:36:44.868420Z"},{"name":"projects/share-it-9a030/releases/firebase.storage/share-it-9a030.firebasestorage.app","rulesetName":"projects/share-it-9a030/rulesets/37144e76-212a-4f25-ab37-0204e138fe0c","createTime":"2026-05-02T09:31:49.394294Z","updateTime":"2026-05-02T09:34:18.677198Z"}]}
[debug] [2026-05-06T02:40:29.491Z] Checked if tokens are valid: true, expires at: 1778038819528
[debug] [2026-05-06T02:40:29.492Z] Checked if tokens are valid: true, expires at: 1778038819528
[debug] [2026-05-06T02:40:29.492Z] >>> [apiv2][query] GET https://firebaserules.googleapis.com/v1/projects/share-it-9a030/rulesets/37144e76-212a-4f25-ab37-0204e138fe0c [none]
[debug] [2026-05-06T02:40:30.843Z] <<< [apiv2][status] GET https://firebaserules.googleapis.com/v1/projects/share-it-9a030/rulesets/37144e76-212a-4f25-ab37-0204e138fe0c 200
[debug] [2026-05-06T02:40:30.843Z] <<< [apiv2][body] GET https://firebaserules.googleapis.com/v1/projects/share-it-9a030/rulesets/37144e76-212a-4f25-ab37-0204e138fe0c [omitted]
[info] i  storage: uploading rules storage.rules... 
[debug] [2026-05-06T02:40:30.844Z] Checked if tokens are valid: true, expires at: 1778038819528
[debug] [2026-05-06T02:40:30.844Z] Checked if tokens are valid: true, expires at: 1778038819528
[debug] [2026-05-06T02:40:30.844Z] >>> [apiv2][query] POST https://firebaserules.googleapis.com/v1/projects/share-it-9a030/rulesets [none]
[debug] [2026-05-06T02:40:30.844Z] >>> [apiv2][body] POST https://firebaserules.googleapis.com/v1/projects/share-it-9a030/rulesets [omitted]
[debug] [2026-05-06T02:40:31.311Z] <<< [apiv2][status] POST https://firebaserules.googleapis.com/v1/projects/share-it-9a030/rulesets 200
[debug] [2026-05-06T02:40:31.311Z] <<< [apiv2][body] POST https://firebaserules.googleapis.com/v1/projects/share-it-9a030/rulesets {"name":"projects/share-it-9a030/rulesets/203b9282-189b-4da6-a46a-bf0adfc84f7f","source":{"files":[{"content":"rules_version = '2';\nservice firebase.storage {\n  match /b/{bucket}/o {\n    function isAuthenticated() {\n      return request.auth != null;\n    }\n\n    function isImage() {\n      return request.resource != null\n        && request.resource.size < 8 * 1024 * 1024\n        && request.resource.contentType.matches('image/.*');\n    }\n\n    function ownsPhone(phone) {\n      return isAuthenticated()\n        && request.auth.token.phone_number == '+91' + phone;\n    }\n\n    match /drivers/{phone}/{uid}/{fileName} {\n      allow read: if isAuthenticated() && (request.auth.uid == uid || ownsPhone(phone));\n      allow write: if isAuthenticated()\n        && request.auth.uid == uid\n        && ownsPhone(phone)\n        && isImage();\n    }\n\n    match /driver_photos/{uid}/{fileName} {\n      allow read: if isAuthenticated();\n      allow write: if isAuthenticated()\n        && request.auth.uid == uid\n        && isImage();\n    }\n  }\n}\n","name":"storage.rules"}]},"createTime":"2026-05-07T11:08:11.672559Z","metadata":{"services":["firebase.storage"]}}
[debug] [2026-05-06T02:40:31.312Z] [rules] created ruleset projects/share-it-9a030/rulesets/203b9282-189b-4da6-a46a-bf0adfc84f7f
[debug] [2026-05-06T02:40:31.312Z] Checked if tokens are valid: true, expires at: 1778038819528
[debug] [2026-05-06T02:40:31.312Z] Checked if tokens are valid: true, expires at: 1778038819528
[debug] [2026-05-06T02:40:31.313Z] >>> [apiv2][query] GET https://firebaserules.googleapis.com/v1/projects/share-it-9a030/releases pageSize=10&pageToken=
[debug] [2026-05-06T02:40:32.645Z] <<< [apiv2][status] GET https://firebaserules.googleapis.com/v1/projects/share-it-9a030/releases 200
[debug] [2026-05-06T02:40:32.645Z] <<< [apiv2][body] GET https://firebaserules.googleapis.com/v1/projects/share-it-9a030/releases {"releases":[{"name":"projects/share-it-9a030/releases/cloud.firestore","rulesetName":"projects/share-it-9a030/rulesets/11c6542b-2a2b-4a3c-beb3-a228b6fe4a7f","createTime":"2026-04-06T11:54:46.952640Z","updateTime":"2026-05-06T12:36:44.868420Z"},{"name":"projects/share-it-9a030/releases/firebase.storage/share-it-9a030.firebasestorage.app","rulesetName":"projects/share-it-9a030/rulesets/37144e76-212a-4f25-ab37-0204e138fe0c","createTime":"2026-05-02T09:31:49.394294Z","updateTime":"2026-05-02T09:34:18.677198Z"}]}
[debug] [2026-05-06T02:40:32.645Z] Checked if tokens are valid: true, expires at: 1778038819528
[debug] [2026-05-06T02:40:32.645Z] Checked if tokens are valid: true, expires at: 1778038819528
[debug] [2026-05-06T02:40:32.645Z] >>> [apiv2][query] GET https://firebaserules.googleapis.com/v1/projects/share-it-9a030/rulesets/11c6542b-2a2b-4a3c-beb3-a228b6fe4a7f [none]
[debug] [2026-05-06T02:40:33.994Z] <<< [apiv2][status] GET https://firebaserules.googleapis.com/v1/projects/share-it-9a030/rulesets/11c6542b-2a2b-4a3c-beb3-a228b6fe4a7f 200
[debug] [2026-05-06T02:40:33.994Z] <<< [apiv2][body] GET https://firebaserules.googleapis.com/v1/projects/share-it-9a030/rulesets/11c6542b-2a2b-4a3c-beb3-a228b6fe4a7f [omitted]
[info] i  firestore: uploading rules firestore.rules... 
[debug] [2026-05-06T02:40:33.995Z] Checked if tokens are valid: true, expires at: 1778038819528
[debug] [2026-05-06T02:40:33.995Z] Checked if tokens are valid: true, expires at: 1778038819528
[debug] [2026-05-06T02:40:33.995Z] >>> [apiv2][query] POST https://firebaserules.googleapis.com/v1/projects/share-it-9a030/rulesets [none]
[debug] [2026-05-06T02:40:33.995Z] >>> [apiv2][body] POST https://firebaserules.googleapis.com/v1/projects/share-it-9a030/rulesets [omitted]
[debug] [2026-05-06T02:40:35.372Z] <<< [apiv2][status] POST https://firebaserules.googleapis.com/v1/projects/share-it-9a030/rulesets 200
[debug] [2026-05-06T02:40:35.373Z] <<< [apiv2][body] POST https://firebaserules.googleapis.com/v1/projects/share-it-9a030/rulesets {"name":"projects/share-it-9a030/rulesets/ae863fde-e9ab-4856-b1f1-e6c142e98d8c","source":{"files":[{"content":"rules_version = '2';\r\nservice cloud.firestore {\r\n  match /databases/{database}/documents {\r\n\r\n    function isAuthenticated() {\n      return request.auth != null;\n    }\n\n    function ownsPhoneDocument(driverId) {\n      return isAuthenticated() && request.auth.token.phone_number == '+91' + driverId;\n    }\n\r\n    // Users collection\r\n    match /users/{userId} {\r\n      allow read, write: if isAuthenticated() && request.auth.uid == userId;\r\n    }\r\n\r\n    // Drivers collection: ownership via activeAuthUid\r\n    match /drivers/{driverId} {\n      // Read (get/listen): owner or non-existing (for existence check)\n      allow read: if isAuthenticated() && (\n        !resource.exists ||\n        resource.data.activeAuthUid == request.auth.uid ||\n        ownsPhoneDocument(driverId)\n      );\n      // Create: activeAuthUid must match requester\n      allow create: if isAuthenticated() && (\n        request.resource.data.activeAuthUid == request.auth.uid ||\n        ownsPhoneDocument(driverId)\n      );\n      // Update: existing activeAuthUid must match\n      allow update: if isAuthenticated() && (\n        resource.data.activeAuthUid == request.auth.uid ||\n        ownsPhoneDocument(driverId)\n      );\n      allow delete: if false;\n    }\n\r\n    // Rides collection: read open to authenticated users; writes restricted to participants\r\n    match /rides/{rideId} {\r\n      // Read: any authenticated user (app needs collection-wide listener)\r\n      allow read: if isAuthenticated();\r\n      // Create: passenger or shared passenger\r\n      allow create: if isAuthenticated() && (\r\n        request.resource.data.passengerId == request.auth.uid ||\r\n        (request.resource.data.sharedPassengerIds is list && request.auth.uid in request.resource.data.sharedPassengerIds)\r\n      );\r\n      // Update: passenger, driver, or shared passenger\r\n      allow update: if isAuthenticated() && (\r\n        resource.data.passengerId == request.auth.uid ||\r\n        resource.data.driverId == request.auth.uid ||\r\n        (resource.data.sharedPassengerIds is list && request.auth.uid in resource.data.sharedPassengerIds)\r\n      );\r\n      // Delete: passenger or driver only\r\n      allow delete: if isAuthenticated() && (\r\n        resource.data.passengerId == request.auth.uid ||\r\n        resource.data.driverId == request.auth.uid\r\n      );\r\n    }\r\n\r\n    // Ride messages subcollection under a ride\r\n    match /rides/{rideId}/messages/{messageId} {\r\n      // Allow read/write if user is passenger or driver of the parent ride\r\n      allow read, write: if isAuthenticated() && (\r\n        get(/databases/$(database)/documents/rides/$(rideId)).data.passengerId == request.auth.uid ||\r\n        get(/databases/$(database)/documents/rides/$(rideId)).data.driverId == request.auth.uid\r\n      );\r\n    }\r\n\r\n    // Ride history: both passenger and driver can access their entries\r\n    match /rideHistory/{historyId} {\r\n      // Read\r\n      allow read: if isAuthenticated() && (\r\n        resource.data.passengerId == request.auth.uid ||\r\n        resource.data.driverId == request.auth.uid\r\n      );\r\n      // Create\r\n      allow create: if isAuthenticated() && (\r\n        request.resource.data.passengerId == request.auth.uid ||\r\n        request.resource.data.driverId == request.auth.uid\r\n      );\r\n      // Update/Delete\r\n      allow update, delete: if isAuthenticated() && (\r\n        resource.data.passengerId == request.auth.uid ||\r\n        resource.data.driverId == request.auth.uid\r\n      );\r\n    }\r\n\r\n    // Help forum\r\n    match /helpForum/{questionId} {\r\n      allow read: if isAuthenticated();\r\n      allow create: if isAuthenticated() && request.resource.data.askedByEmail == request.auth.token.email;\r\n      allow update: if isAuthenticated() && (\r\n        resource.data.askedByEmail == request.auth.token.email ||\r\n        request.auth.token.firebase.sign_in_provider == 'custom'\r\n      );\r\n      allow delete: if false;\r\n    }\r\n\r\n    // Ride ratings\r\n    match /rideRatings/{ratingId} {\r\n      allow read: if isAuthenticated() && (\r\n        resource.data.passengerId == request.auth.uid ||\r\n        resource.data.driverId == request.auth.uid\r\n      );\r\n      allow create: if isAuthenticated() && (\r\n        request.resource.data.passengerId == request.auth.uid ||\r\n        request.resource.data.driverId == request.auth.uid\r\n      );\r\n      allow update, delete: if false;\r\n    }\r\n\r\n    // Driver reports\r\n    match /driverReports/{reportId} {\r\n      allow read: if isAuthenticated() && (\r\n        resource.data.passengerId == request.auth.uid ||\r\n        resource.data.driverId == request.auth.uid\r\n      );\r\n      allow create: if isAuthenticated() && (\r\n        request.resource.data.passengerId == request.auth.uid ||\r\n        request.resource.data.driverId == request.auth.uid\r\n      );\r\n      allow update, delete: if false;\r\n    }\r\n\r\n    // Earnings withdrawals\r\n    match /earnWithdrawals/{withdrawalId} {\r\n      allow read: if isAuthenticated() && resource.data.driverId == request.auth.uid;\r\n      allow create: if isAuthenticated() && request.resource.data.driverId == request.auth.uid;\r\n      allow update, delete: if isAuthenticated() && resource.data.driverId == request.auth.uid;\r\n    }\r\n\r\n    // ShareAuto pools\r\n    match /shareAutoPools/{poolId} {\r\n      // Read: owner (passenger) or any driver when pool is searching\r\n      allow read: if isAuthenticated() && (\r\n        resource.data.passengerId == request.auth.uid ||\r\n        resource.data.status == 'searching'\r\n      );\r\n      // Create: passenger only\r\n      allow create: if isAuthenticated() && request.resource.data.passengerId == request.auth.uid;\r\n      // Delete: owner (passenger) only\r\n      allow delete: if isAuthenticated() && resource.data.passengerId == request.auth.uid;\r\n      allow update: if false;\r\n    }\r\n  }\r\n}\r\n","name":"firestore.rules"}]},"createTime":"2026-05-07T11:08:15.733103Z","metadata":{"services":["cloud.firestore"]}}
[debug] [2026-05-06T02:40:35.373Z] [rules] created ruleset projects/share-it-9a030/rulesets/ae863fde-e9ab-4856-b1f1-e6c142e98d8c
[debug] [2026-05-06T02:40:35.374Z] [rules] releasing firebase.storage/share-it-9a030.firebasestorage.app with ruleset projects/share-it-9a030/rulesets/203b9282-189b-4da6-a46a-bf0adfc84f7f
[debug] [2026-05-06T02:40:35.375Z] Checked if tokens are valid: true, expires at: 1778038819528
[debug] [2026-05-06T02:40:35.375Z] Checked if tokens are valid: true, expires at: 1778038819528
[debug] [2026-05-06T02:40:35.375Z] >>> [apiv2][query] PATCH https://firebaserules.googleapis.com/v1/projects/share-it-9a030/releases/firebase.storage/share-it-9a030.firebasestorage.app [none]
[debug] [2026-05-06T02:40:35.375Z] >>> [apiv2][body] PATCH https://firebaserules.googleapis.com/v1/projects/share-it-9a030/releases/firebase.storage/share-it-9a030.firebasestorage.app {"release":{"name":"projects/share-it-9a030/releases/firebase.storage/share-it-9a030.firebasestorage.app","rulesetName":"projects/share-it-9a030/rulesets/203b9282-189b-4da6-a46a-bf0adfc84f7f"}}
[debug] [2026-05-06T02:40:35.761Z] <<< [apiv2][status] PATCH https://firebaserules.googleapis.com/v1/projects/share-it-9a030/releases/firebase.storage/share-it-9a030.firebasestorage.app 200
[debug] [2026-05-06T02:40:35.762Z] <<< [apiv2][body] PATCH https://firebaserules.googleapis.com/v1/projects/share-it-9a030/releases/firebase.storage/share-it-9a030.firebasestorage.app {"name":"projects/share-it-9a030/releases/firebase.storage/share-it-9a030.firebasestorage.app","rulesetName":"projects/share-it-9a030/rulesets/203b9282-189b-4da6-a46a-bf0adfc84f7f","createTime":"2026-05-02T09:31:49.394294Z","updateTime":"2026-05-07T11:08:16.124138Z"}
[debug] [2026-05-06T02:40:35.762Z] [rules] updated release projects/share-it-9a030/releases/firebase.storage/share-it-9a030.firebasestorage.app
[info] +  storage: released rules storage.rules to firebase.storage 
[debug] [2026-05-06T02:40:35.763Z] [rules] releasing cloud.firestore with ruleset projects/share-it-9a030/rulesets/ae863fde-e9ab-4856-b1f1-e6c142e98d8c
[debug] [2026-05-06T02:40:35.763Z] Checked if tokens are valid: true, expires at: 1778038819528
[debug] [2026-05-06T02:40:35.763Z] Checked if tokens are valid: true, expires at: 1778038819528
[debug] [2026-05-06T02:40:35.763Z] >>> [apiv2][query] PATCH https://firebaserules.googleapis.com/v1/projects/share-it-9a030/releases/cloud.firestore [none]
[debug] [2026-05-06T02:40:35.763Z] >>> [apiv2][body] PATCH https://firebaserules.googleapis.com/v1/projects/share-it-9a030/releases/cloud.firestore {"release":{"name":"projects/share-it-9a030/releases/cloud.firestore","rulesetName":"projects/share-it-9a030/rulesets/ae863fde-e9ab-4856-b1f1-e6c142e98d8c"}}
[debug] [2026-05-06T02:40:36.179Z] <<< [apiv2][status] PATCH https://firebaserules.googleapis.com/v1/projects/share-it-9a030/releases/cloud.firestore 200
